<?xml version="1.0" encoding="UTF-8"?>
<!-- Generated by org.testng.reporters.JUnitReportReporter -->
<testsuite hostname="DESKTOP-MBMFGHJ" failures="0" tests="5" name="MyTestCases" time="41.130" errors="0" timestamp="2024-08-12T17:01:27 EEST" skipped="1">
  <testcase classname="MyTestCases" name="signIn" time="4.094"/>
  <testcase classname="MyTestCases" name="goToBagsSection" time="2.337"/>
  <testcase classname="MyTestCases" name="bagsSection" time="34.602"/>
  <testcase classname="MyTestCases" name="totalNumberOfBags" time="0.097"/>
  <testcase classname="MyTestCases" name="signUp">
    <skipped/>
  </testcase> <!-- signUp -->
</testsuite> <!-- MyTestCases -->
